This file contains any messages produced by compilers while
running configure, to aid debugging if configure makes a mistake.

It was created by xstroke configure 0.6, which was
generated by GNU Autoconf 2.59.  Invocation command line was

  $ ./configure --prefix=/usr

## --------- ##
## Platform. ##
## --------- ##

hostname = groundstate.chem.yorku.ca
uname -m = i686
uname -r = 2.6.8.1-10mdk
uname -s = Linux
uname -v = #1 Wed Sep 8 17:00:52 CEST 2004

/usr/bin/uname -p = unknown
/bin/uname -X     = unknown

/bin/arch              = i686
/usr/bin/arch -k       = unknown
/usr/convex/getsysinfo = unknown
hostinfo               = unknown
/bin/machine           = unknown
/usr/bin/oslevel       = unknown
/bin/universe          = unknown

PATH: /bin
PATH: /usr/bin
PATH: /usr/bin/X11
PATH: /usr/X11R6/bin
PATH: /usr/local/bin
PATH: /opt/X11R6/bin
PATH: /usr/bin
PATH: /usr/games
PATH: /usr/lib/jre-1.4.2_03/bin
PATH: /home/austin/bin


## ----------- ##
## Core tests. ##
## ----------- ##

configure:1364: checking for a BSD-compatible install
configure:1419: result: /usr/bin/install -c
configure:1430: checking whether build environment is sane
configure:1473: result: yes
configure:1506: checking for gawk
configure:1522: found /bin/gawk
configure:1532: result: gawk
configure:1542: checking whether make sets $(MAKE)
configure:1562: result: yes
configure:1726: checking whether to enable maintainer-specific portions of Makefiles
configure:1735: result: no
configure:1800: checking for gcc
configure:1816: found /usr/bin/gcc
configure:1826: result: gcc
configure:2070: checking for C compiler version
configure:2073: gcc --version </dev/null >&5
gcc (GCC) 3.4.1 (Mandrakelinux (Alpha 3.4.1-3mdk)
Copyright (C) 2004 Free Software Foundation, Inc.
This is free software; see the source for copying conditions.  There is NO
warranty; not even for MERCHANTABILITY or FITNESS FOR A PARTICULAR PURPOSE.

configure:2076: $? = 0
configure:2078: gcc -v </dev/null >&5
Reading specs from /usr/lib/gcc/i586-mandrake-linux-gnu/3.4.1/specs
Configured with: ../configure --prefix=/usr --libdir=/usr/lib --with-slibdir=/lib --mandir=/usr/share/man --infodir=/usr/share/info --enable-shared --enable-threads=posix --disable-checking --enable-long-long --enable-__cxa_atexit --enable-clocale=gnu --disable-libunwind-exceptions --enable-languages=c,c++,ada,f77,objc,java --host=i586-mandrake-linux-gnu --with-system-zlib
Thread model: posix
gcc version 3.4.1 (Mandrakelinux (Alpha 3.4.1-3mdk)
configure:2081: $? = 0
configure:2083: gcc -V </dev/null >&5
gcc: `-V' option must have argument
configure:2086: $? = 1
configure:2109: checking for C compiler default output file name
configure:2112: gcc    conftest.c  >&5
configure:2115: $? = 0
configure:2161: result: a.out
configure:2166: checking whether the C compiler works
configure:2172: ./a.out
configure:2175: $? = 0
configure:2192: result: yes
configure:2199: checking whether we are cross compiling
configure:2201: result: no
configure:2204: checking for suffix of executables
configure:2206: gcc -o conftest    conftest.c  >&5
configure:2209: $? = 0
configure:2234: result: 
configure:2240: checking for suffix of object files
configure:2261: gcc -c   conftest.c >&5
configure:2264: $? = 0
configure:2286: result: o
configure:2290: checking whether we are using the GNU C compiler
configure:2314: gcc -c   conftest.c >&5
configure:2320: $? = 0
configure:2323: test -z 			 || test ! -s conftest.err
configure:2326: $? = 0
configure:2329: test -s conftest.o
configure:2332: $? = 0
configure:2345: result: yes
configure:2351: checking whether gcc accepts -g
configure:2372: gcc -c -g  conftest.c >&5
configure:2378: $? = 0
configure:2381: test -z 			 || test ! -s conftest.err
configure:2384: $? = 0
configure:2387: test -s conftest.o
configure:2390: $? = 0
configure:2401: result: yes
configure:2418: checking for gcc option to accept ANSI C
configure:2488: gcc  -c -g -O2  conftest.c >&5
configure:2494: $? = 0
configure:2497: test -z 			 || test ! -s conftest.err
configure:2500: $? = 0
configure:2503: test -s conftest.o
configure:2506: $? = 0
configure:2524: result: none needed
configure:2542: gcc -c -g -O2  conftest.c >&5
conftest.c:2: error: syntax error before "me"
configure:2548: $? = 1
configure: failed program was:
| #ifndef __cplusplus
|   choke me
| #endif
configure:2689: checking for style of include used by make
configure:2717: result: GNU
configure:2745: checking dependency style of gcc
configure:2828: result: gcc3
configure:2849: checking for bison
configure:2865: found /usr/bin/bison
configure:2875: result: bison -y
configure:2891: checking for flex
configure:2907: found /usr/bin/flex
configure:2917: result: flex
configure:2930: checking for yywrap in -lfl
configure:2960: gcc -o conftest -g -O2   conftest.c -lfl   >&5
configure:2966: $? = 0
configure:2969: test -z 			 || test ! -s conftest.err
configure:2972: $? = 0
configure:2975: test -s conftest
configure:2978: $? = 0
configure:2991: result: yes
configure:3068: checking lex output file root
configure:3079: flex conftest.l
configure:3082: $? = 0
configure:3094: result: lex.yy
configure:3099: checking whether yytext is a pointer
configure:3115: gcc -o conftest -g -O2   conftest.c  -lfl >&5
configure:3121: $? = 0
configure:3124: test -z 			 || test ! -s conftest.err
configure:3127: $? = 0
configure:3130: test -s conftest
configure:3133: $? = 0
configure:3147: result: yes
configure:3168: checking how to run the C preprocessor
configure:3203: gcc -E  conftest.c
configure:3209: $? = 0
configure:3241: gcc -E  conftest.c
conftest.c:12:28: ac_nonexistent.h: No such file or directory
configure:3247: $? = 1
configure: failed program was:
| /* confdefs.h.  */
| 
| #define PACKAGE_NAME "xstroke"
| #define PACKAGE_TARNAME "xstroke"
| #define PACKAGE_VERSION "0.6"
| #define PACKAGE_STRING "xstroke 0.6"
| #define PACKAGE_BUGREPORT "xstroke@xstroke.org"
| #define PACKAGE "xstroke"
| #define VERSION "0.6"
| #define YYTEXT_POINTER 1
| /* end confdefs.h.  */
| #include <ac_nonexistent.h>
configure:3286: result: gcc -E
configure:3310: gcc -E  conftest.c
configure:3316: $? = 0
configure:3348: gcc -E  conftest.c
conftest.c:12:28: ac_nonexistent.h: No such file or directory
configure:3354: $? = 1
configure: failed program was:
| /* confdefs.h.  */
| 
| #define PACKAGE_NAME "xstroke"
| #define PACKAGE_TARNAME "xstroke"
| #define PACKAGE_VERSION "0.6"
| #define PACKAGE_STRING "xstroke 0.6"
| #define PACKAGE_BUGREPORT "xstroke@xstroke.org"
| #define PACKAGE "xstroke"
| #define VERSION "0.6"
| #define YYTEXT_POINTER 1
| /* end confdefs.h.  */
| #include <ac_nonexistent.h>
configure:3398: checking for egrep
configure:3408: result: grep -E
configure:3413: checking for ANSI C header files
configure:3438: gcc -c -g -O2  conftest.c >&5
configure:3444: $? = 0
configure:3447: test -z 			 || test ! -s conftest.err
configure:3450: $? = 0
configure:3453: test -s conftest.o
configure:3456: $? = 0
configure:3542: gcc -o conftest -g -O2   conftest.c  >&5
configure:3545: $? = 0
configure:3547: ./conftest
configure:3550: $? = 0
configure:3565: result: yes
configure:3589: checking for sys/types.h
configure:3605: gcc -c -g -O2  conftest.c >&5
configure:3611: $? = 0
configure:3614: test -z 			 || test ! -s conftest.err
configure:3617: $? = 0
configure:3620: test -s conftest.o
configure:3623: $? = 0
configure:3634: result: yes
configure:3589: checking for sys/stat.h
configure:3605: gcc -c -g -O2  conftest.c >&5
configure:3611: $? = 0
configure:3614: test -z 			 || test ! -s conftest.err
configure:3617: $? = 0
configure:3620: test -s conftest.o
configure:3623: $? = 0
configure:3634: result: yes
configure:3589: checking for stdlib.h
configure:3605: gcc -c -g -O2  conftest.c >&5
configure:3611: $? = 0
configure:3614: test -z 			 || test ! -s conftest.err
configure:3617: $? = 0
configure:3620: test -s conftest.o
configure:3623: $? = 0
configure:3634: result: yes
configure:3589: checking for string.h
configure:3605: gcc -c -g -O2  conftest.c >&5
configure:3611: $? = 0
configure:3614: test -z 			 || test ! -s conftest.err
configure:3617: $? = 0
configure:3620: test -s conftest.o
configure:3623: $? = 0
configure:3634: result: yes
configure:3589: checking for memory.h
configure:3605: gcc -c -g -O2  conftest.c >&5
configure:3611: $? = 0
configure:3614: test -z 			 || test ! -s conftest.err
configure:3617: $? = 0
configure:3620: test -s conftest.o
configure:3623: $? = 0
configure:3634: result: yes
configure:3589: checking for strings.h
configure:3605: gcc -c -g -O2  conftest.c >&5
configure:3611: $? = 0
configure:3614: test -z 			 || test ! -s conftest.err
configure:3617: $? = 0
configure:3620: test -s conftest.o
configure:3623: $? = 0
configure:3634: result: yes
configure:3589: checking for inttypes.h
configure:3605: gcc -c -g -O2  conftest.c >&5
configure:3611: $? = 0
configure:3614: test -z 			 || test ! -s conftest.err
configure:3617: $? = 0
configure:3620: test -s conftest.o
configure:3623: $? = 0
configure:3634: result: yes
configure:3589: checking for stdint.h
configure:3605: gcc -c -g -O2  conftest.c >&5
configure:3611: $? = 0
configure:3614: test -z 			 || test ! -s conftest.err
configure:3617: $? = 0
configure:3620: test -s conftest.o
configure:3623: $? = 0
configure:3634: result: yes
configure:3589: checking for unistd.h
configure:3605: gcc -c -g -O2  conftest.c >&5
configure:3611: $? = 0
configure:3614: test -z 			 || test ! -s conftest.err
configure:3617: $? = 0
configure:3620: test -s conftest.o
configure:3623: $? = 0
configure:3634: result: yes
configure:3653: checking for stdlib.h
configure:3658: result: yes
configure:3662: checking sys/time.h usability
configure:3674: gcc -c -g -O2  conftest.c >&5
configure:3680: $? = 0
configure:3683: test -z 			 || test ! -s conftest.err
configure:3686: $? = 0
configure:3689: test -s conftest.o
configure:3692: $? = 0
configure:3702: result: yes
configure:3706: checking sys/time.h presence
configure:3716: gcc -E  conftest.c
configure:3722: $? = 0
configure:3742: result: yes
configure:3777: checking for sys/time.h
configure:3784: result: yes
configure:3653: checking for unistd.h
configure:3658: result: yes
configure:3799: checking whether time.h and sys/time.h may both be included
configure:3824: gcc -c -g -O2  conftest.c >&5
configure:3830: $? = 0
configure:3833: test -z 			 || test ! -s conftest.err
configure:3836: $? = 0
configure:3839: test -s conftest.o
configure:3842: $? = 0
configure:3853: result: yes
configure:3863: checking whether struct tm is in sys/time.h or time.h
configure:3886: gcc -c -g -O2  conftest.c >&5
configure:3892: $? = 0
configure:3895: test -z 			 || test ! -s conftest.err
configure:3898: $? = 0
configure:3901: test -s conftest.o
configure:3904: $? = 0
configure:3915: result: time.h
configure:3932: checking for stdlib.h
configure:3937: result: yes
configure:4076: checking for GNU libc compatible malloc
configure:4105: gcc -o conftest -g -O2   conftest.c  >&5
configure:4108: $? = 0
configure:4110: ./conftest
configure:4113: $? = 0
configure:4127: result: yes
configure:4162: checking for gettimeofday
configure:4219: gcc -o conftest -g -O2   conftest.c  >&5
configure:4225: $? = 0
configure:4228: test -z 			 || test ! -s conftest.err
configure:4231: $? = 0
configure:4234: test -s conftest
configure:4237: $? = 0
configure:4249: result: yes
configure:4162: checking for localtime_r
configure:4219: gcc -o conftest -g -O2   conftest.c  >&5
configure:4225: $? = 0
configure:4228: test -z 			 || test ! -s conftest.err
configure:4231: $? = 0
configure:4234: test -s conftest
configure:4237: $? = 0
configure:4249: result: yes
configure:4262: checking for X
configure:4496: result: libraries /usr/X11R6/lib, headers /usr/X11R6/include
configure:4667: gcc -o conftest -g -O2   conftest.c   -L/usr/X11R6/lib -lX11 >&5
configure:4673: $? = 0
configure:4676: test -z 			 || test ! -s conftest.err
configure:4679: $? = 0
configure:4682: test -s conftest
configure:4685: $? = 0
configure:4841: checking for gethostbyname
configure:4898: gcc -o conftest -g -O2   conftest.c  >&5
configure:4904: $? = 0
configure:4907: test -z 			 || test ! -s conftest.err
configure:4910: $? = 0
configure:4913: test -s conftest
configure:4916: $? = 0
configure:4928: result: yes
configure:5077: checking for connect
configure:5134: gcc -o conftest -g -O2   conftest.c  >&5
configure:5140: $? = 0
configure:5143: test -z 			 || test ! -s conftest.err
configure:5146: $? = 0
configure:5149: test -s conftest
configure:5152: $? = 0
configure:5164: result: yes
configure:5238: checking for remove
configure:5295: gcc -o conftest -g -O2   conftest.c  >&5
configure:5301: $? = 0
configure:5304: test -z 			 || test ! -s conftest.err
configure:5307: $? = 0
configure:5310: test -s conftest
configure:5313: $? = 0
configure:5325: result: yes
configure:5399: checking for shmat
configure:5456: gcc -o conftest -g -O2   conftest.c  >&5
configure:5462: $? = 0
configure:5465: test -z 			 || test ! -s conftest.err
configure:5468: $? = 0
configure:5471: test -s conftest
configure:5474: $? = 0
configure:5486: result: yes
configure:5569: checking for IceConnectionNumber in -lICE
configure:5599: gcc -o conftest -g -O2   -L/usr/X11R6/lib conftest.c -lICE   >&5
configure:5605: $? = 0
configure:5608: test -z 			 || test ! -s conftest.err
configure:5611: $? = 0
configure:5614: test -s conftest
configure:5617: $? = 0
configure:5630: result: yes
configure:5646: checking for pkg-config
configure:5664: found /usr/bin/pkg-config
configure:5677: result: /usr/bin/pkg-config
configure:5694: checking for xft
configure:5698: result: yes
configure:5702: checking XSTROKE_CFLAGS
configure:5705: result: -I/usr/X11R6/include -I/usr/include/freetype2 -I/usr/include/freetype2/freetype2 -I/usr/include/freetype2/freetype2/config  
configure:5708: checking XSTROKE_LIBS
configure:5711: result: -L/usr/X11R6/lib -lXft -lX11 -lfreetype -lXrender -lfontconfig  
configure:5857: creating ./config.status

## ---------------------- ##
## Running config.status. ##
## ---------------------- ##

This file was extended by xstroke config.status 0.6, which was
generated by GNU Autoconf 2.59.  Invocation command line was

  CONFIG_FILES    = 
  CONFIG_HEADERS  = 
  CONFIG_LINKS    = 
  CONFIG_COMMANDS = 
  $ ./config.status 

on groundstate.chem.yorku.ca

config.status:739: creating Makefile
config.status:805: creating config.h
config.status:1109: executing depfiles commands

## ---------------- ##
## Cache variables. ##
## ---------------- ##

ac_cv_c_compiler_gnu=yes
ac_cv_env_CC_set=
ac_cv_env_CC_value=
ac_cv_env_CFLAGS_set=
ac_cv_env_CFLAGS_value=
ac_cv_env_CPPFLAGS_set=
ac_cv_env_CPPFLAGS_value=
ac_cv_env_CPP_set=
ac_cv_env_CPP_value=
ac_cv_env_LDFLAGS_set=
ac_cv_env_LDFLAGS_value=
ac_cv_env_build_alias_set=
ac_cv_env_build_alias_value=
ac_cv_env_host_alias_set=
ac_cv_env_host_alias_value=
ac_cv_env_target_alias_set=
ac_cv_env_target_alias_value=
ac_cv_exeext=
ac_cv_func_connect=yes
ac_cv_func_gethostbyname=yes
ac_cv_func_gettimeofday=yes
ac_cv_func_localtime_r=yes
ac_cv_func_malloc_0_nonnull=yes
ac_cv_func_remove=yes
ac_cv_func_shmat=yes
ac_cv_have_x='have_x=yes 		ac_x_includes=/usr/X11R6/include ac_x_libraries=/usr/X11R6/lib'
ac_cv_header_inttypes_h=yes
ac_cv_header_memory_h=yes
ac_cv_header_stdc=yes
ac_cv_header_stdint_h=yes
ac_cv_header_stdlib_h=yes
ac_cv_header_string_h=yes
ac_cv_header_strings_h=yes
ac_cv_header_sys_stat_h=yes
ac_cv_header_sys_time_h=yes
ac_cv_header_sys_types_h=yes
ac_cv_header_time=yes
ac_cv_header_unistd_h=yes
ac_cv_lib_ICE_IceConnectionNumber=yes
ac_cv_lib_fl_yywrap=yes
ac_cv_objext=o
ac_cv_path_PKG_CONFIG=/usr/bin/pkg-config
ac_cv_path_install='/usr/bin/install -c'
ac_cv_prog_AWK=gawk
ac_cv_prog_CPP='gcc -E'
ac_cv_prog_LEX=flex
ac_cv_prog_YACC='bison -y'
ac_cv_prog_ac_ct_CC=gcc
ac_cv_prog_cc_g=yes
ac_cv_prog_cc_stdc=
ac_cv_prog_egrep='grep -E'
ac_cv_prog_lex_root=lex.yy
ac_cv_prog_lex_yytext_pointer=yes
ac_cv_prog_make_make_set=yes
ac_cv_struct_tm=time.h
am_cv_CC_dependencies_compiler_type=gcc3

## ----------------- ##
## Output variables. ##
## ----------------- ##

ACLOCAL='${SHELL} /home/austin/xstroke-0.6/missing --run aclocal-1.7'
AMDEPBACKSLASH='\'
AMDEP_FALSE='#'
AMDEP_TRUE=''
AMTAR='${SHELL} /home/austin/xstroke-0.6/missing --run tar'
AUTOCONF='${SHELL} /home/austin/xstroke-0.6/missing --run autoconf'
AUTOHEADER='${SHELL} /home/austin/xstroke-0.6/missing --run autoheader'
AUTOMAKE='${SHELL} /home/austin/xstroke-0.6/missing --run automake-1.7'
AWK='gawk'
CC='gcc'
CCDEPMODE='depmode=gcc3'
CFLAGS='-g -O2'
CPP='gcc -E'
CPPFLAGS=''
CYGPATH_W='echo'
DEFS='-DHAVE_CONFIG_H'
DEPDIR='.deps'
ECHO_C=''
ECHO_N='-n'
ECHO_T=''
EGREP='grep -E'
EXEEXT=''
INSTALL_DATA='${INSTALL} -m 644'
INSTALL_PROGRAM='${INSTALL}'
INSTALL_SCRIPT='${INSTALL}'
INSTALL_STRIP_PROGRAM='${SHELL} $(install_sh) -c -s'
LDFLAGS=''
LEX='flex'
LEXLIB='-lfl'
LEX_OUTPUT_ROOT='lex.yy'
LIBOBJS=''
LIBS=''
LTLIBOBJS=''
MAINT='#'
MAINTAINER_MODE_FALSE=''
MAINTAINER_MODE_TRUE='#'
MAKEINFO='${SHELL} /home/austin/xstroke-0.6/missing --run makeinfo'
OBJEXT='o'
PACKAGE='xstroke'
PACKAGE_BUGREPORT='xstroke@xstroke.org'
PACKAGE_NAME='xstroke'
PACKAGE_STRING='xstroke 0.6'
PACKAGE_TARNAME='xstroke'
PACKAGE_VERSION='0.6'
PATH_SEPARATOR=':'
PKG_CONFIG='/usr/bin/pkg-config'
SET_MAKE=''
SHELL='/bin/sh'
STRIP=''
VERSION='0.6'
XSTROKE_CFLAGS='-I/usr/X11R6/include -I/usr/include/freetype2 -I/usr/include/freetype2/freetype2 -I/usr/include/freetype2/freetype2/config  '
XSTROKE_LIBS='-L/usr/X11R6/lib -lXft -lX11 -lfreetype -lXrender -lfontconfig  '
X_CFLAGS=' -I/usr/X11R6/include'
X_EXTRA_LIBS=''
X_LIBS=' -L/usr/X11R6/lib'
X_PRE_LIBS=' -lSM -lICE'
YACC='bison -y'
ac_ct_CC='gcc'
ac_ct_STRIP=''
am__fastdepCC_FALSE='#'
am__fastdepCC_TRUE=''
am__include='include'
am__leading_dot='.'
am__quote=''
bindir='${exec_prefix}/bin'
build_alias=''
datadir='${prefix}/share'
exec_prefix='${prefix}'
host_alias=''
includedir='${prefix}/include'
infodir='${prefix}/info'
install_sh='/home/austin/xstroke-0.6/install-sh'
libdir='${exec_prefix}/lib'
libexecdir='${exec_prefix}/libexec'
localstatedir='${prefix}/var'
mandir='${prefix}/man'
oldincludedir='/usr/include'
prefix='/usr'
program_transform_name='s,x,x,'
sbindir='${exec_prefix}/sbin'
sharedstatedir='${prefix}/com'
sysconfdir='${prefix}/etc'
target_alias=''

## ----------- ##
## confdefs.h. ##
## ----------- ##

#define HAVE_GETTIMEOFDAY 1
#define HAVE_INTTYPES_H 1
#define HAVE_LOCALTIME_R 1
#define HAVE_MALLOC 1
#define HAVE_MEMORY_H 1
#define HAVE_STDINT_H 1
#define HAVE_STDLIB_H 1
#define HAVE_STDLIB_H 1
#define HAVE_STDLIB_H 1
#define HAVE_STRINGS_H 1
#define HAVE_STRING_H 1
#define HAVE_SYS_STAT_H 1
#define HAVE_SYS_TIME_H 1
#define HAVE_SYS_TYPES_H 1
#define HAVE_UNISTD_H 1
#define HAVE_UNISTD_H 1
#define PACKAGE "xstroke"
#define PACKAGE_BUGREPORT "xstroke@xstroke.org"
#define PACKAGE_NAME "xstroke"
#define PACKAGE_STRING "xstroke 0.6"
#define PACKAGE_TARNAME "xstroke"
#define PACKAGE_VERSION "0.6"
#define STDC_HEADERS 1
#define TIME_WITH_SYS_TIME 1
#define VERSION "0.6"
#define YYTEXT_POINTER 1

configure: exit 0
